<?xml version="1.0" encoding="UTF-8" ?>
<testsuite tests="16" failures="0" name="com.cucumber.MavenCucumberPrototype.RunnerTest" time="2.349" errors="0" skipped="0">
  <properties>
[...]
</properties>
  <testcase classname="| &quot;200000&quot; | &quot;100000&quot; | &quot;4&quot; | &quot;30&quot; | &quot;4.5&quot; | &quot;1.26&quot; | &quot;1500&quot; | &quot;$1,352.42&quot; |" name="Given Open Browser MC - &quot;CHROME&quot;" time="0.007"/>
  <testcase classname="| &quot;200000&quot; | &quot;100000&quot; | &quot;4&quot; | &quot;30&quot; | &quot;4.5&quot; | &quot;1.26&quot; | &quot;1500&quot; | &quot;$1,352.42&quot; |" name="Then Enter &quot;200000&quot; &quot;100000&quot; &quot;4&quot; &quot;30&quot; &quot;4.5&quot; &quot;1.26&quot; &quot;1500&quot; in the calculator and click on calculate button" time="0"/>
  <testcase classname="| &quot;200000&quot; | &quot;100000&quot; | &quot;4&quot; | &quot;30&quot; | &quot;4.5&quot; | &quot;1.26&quot; | &quot;1500&quot; | &quot;$1,352.42&quot; |" name="And Check &quot;$1,352.42&quot; with Actual Payment" time="0"/>
  <testcase classname="| &quot;200000&quot; | &quot;100000&quot; | &quot;4&quot; | &quot;30&quot; | &quot;4.5&quot; | &quot;1.26&quot; | &quot;1500&quot; | &quot;$1,352.42&quot; |" name="| &quot;200000&quot; | &quot;100000&quot; | &quot;4&quot; | &quot;30&quot; | &quot;4.5&quot; | &quot;1.26&quot; | &quot;1500&quot; | &quot;$1,352.42&quot; |" time="0.563"/>
  <testcase classname="| &quot;200000&quot; | &quot;100000&quot; | &quot;5&quot; | &quot;15&quot; | &quot;4.7&quot; | &quot;1.26&quot; | &quot;1500&quot; | &quot;$1,699.13&quot; |" name="Given Open Browser MC - &quot;CHROME&quot;" time="0"/>
  <testcase classname="| &quot;200000&quot; | &quot;100000&quot; | &quot;5&quot; | &quot;15&quot; | &quot;4.7&quot; | &quot;1.26&quot; | &quot;1500&quot; | &quot;$1,699.13&quot; |" name="Then Enter &quot;200000&quot; &quot;100000&quot; &quot;5&quot; &quot;15&quot; &quot;4.7&quot; &quot;1.26&quot; &quot;1500&quot; in the calculator and click on calculate button" time="0"/>
  <testcase classname="| &quot;200000&quot; | &quot;100000&quot; | &quot;5&quot; | &quot;15&quot; | &quot;4.7&quot; | &quot;1.26&quot; | &quot;1500&quot; | &quot;$1,699.13&quot; |" name="And Check &quot;$1,699.13&quot; with Actual Payment" time="0"/>
  <testcase classname="| &quot;200000&quot; | &quot;100000&quot; | &quot;5&quot; | &quot;15&quot; | &quot;4.7&quot; | &quot;1.26&quot; | &quot;1500&quot; | &quot;$1,699.13&quot; |" name="| &quot;200000&quot; | &quot;100000&quot; | &quot;5&quot; | &quot;15&quot; | &quot;4.7&quot; | &quot;1.26&quot; | &quot;1500&quot; | &quot;$1,699.13&quot; |" time="0.556"/>
  <testcase classname="| &quot;200000&quot; | &quot;100000&quot; | &quot;3&quot; | &quot;10&quot; | &quot;4.0&quot; | &quot;1.26&quot; | &quot;1500&quot; | &quot;$1,757.27&quot; |" name="Given Open Browser MC - &quot;CHROME&quot;" time="0"/>
  <testcase classname="| &quot;200000&quot; | &quot;100000&quot; | &quot;3&quot; | &quot;10&quot; | &quot;4.0&quot; | &quot;1.26&quot; | &quot;1500&quot; | &quot;$1,757.27&quot; |" name="Then Enter &quot;200000&quot; &quot;100000&quot; &quot;3&quot; &quot;10&quot; &quot;4.0&quot; &quot;1.26&quot; &quot;1500&quot; in the calculator and click on calculate button" time="0"/>
  <testcase classname="| &quot;200000&quot; | &quot;100000&quot; | &quot;3&quot; | &quot;10&quot; | &quot;4.0&quot; | &quot;1.26&quot; | &quot;1500&quot; | &quot;$1,757.27&quot; |" name="And Check &quot;$1,757.27&quot; with Actual Payment" time="0"/>
  <testcase classname="| &quot;200000&quot; | &quot;100000&quot; | &quot;3&quot; | &quot;10&quot; | &quot;4.0&quot; | &quot;1.26&quot; | &quot;1500&quot; | &quot;$1,757.27&quot; |" name="| &quot;200000&quot; | &quot;100000&quot; | &quot;3&quot; | &quot;10&quot; | &quot;4.0&quot; | &quot;1.26&quot; | &quot;1500&quot; | &quot;$1,757.27&quot; |" time="0.715"/>
  <testcase classname="Scenario: Love you" name="Given this is my first dummy given step" time="0.001"/>
  <testcase classname="Scenario: Love you" name="When this is my first dummy when step" time="0"/>
  <testcase classname="Scenario: Love you" name="Then this is first dummy then step" time="0.001"/>
  <testcase classname="Scenario: Love you" name="Scenario: Love you" time="0.506"/>
</testsuite>